0   -2.0
0   -2.0
0   -1.999753264963322
0   -1.9997532649633216
0   3.9997532649633203
0   3.9997532649633216
1   -2.0
1   -1.9999999999999987
1   -1.999013120731463
1   -1.9990131207314619
1   3.9990131207314623
1   3.999013120731463
2   -2.0000000000000004
2   -1.9999999999999993
2   -1.9977797499239411
2   -1.9977797499239403
2   3.99777974992394
2   3.9977797499239403
3   -2.0
3   -2.0
3   -1.9960534568565442
3   -1.9960534568565433
3   3.996053456856543
3   3.9960534568565436
4   -2.0000000000000004
4   -2.0
4   -1.9938346674662561
4   -1.9938346674662557
4   3.9938346674662566
4   3.993834667466258
5   -2.0000000000000004
5   -1.9999999999999991
5   -1.9911239292061609
5   -1.99112392920616
5   3.9911239292061595
5   3.99112392920616
6   -2.0
6   -1.9999999999999991
6   -1.9879219109103594
6   -1.9879219109103579
6   3.987921910910358
6   3.9879219109103596
7   -2.000000000000001
7   -1.999999999999999
7   -1.984229402628956
7   -1.9842294026289546
7   3.984229402628955
7   3.984229402628956
8   -2.0
8   -1.9999999999999996
8   -1.9800473154331155
8   -1.9800473154331146
8   3.980047315433115
8   3.9800473154331164
9   -2.0
9   -1.9999999999999991
9   -1.9753766811902769
9   -1.9753766811902755
9   3.9753766811902747
9   3.975376681190276
10   -2.0
10   -1.9999999999999987
10   -1.9702186523095486
10   -1.9702186523095477
10   3.9702186523095464
10   3.9702186523095477
11   -2.000000000000001
11   -2.0
11   -1.9645745014573768
11   -1.9645745014573766
11   3.9645745014573768
11   3.9645745014573777
12   -1.9999999999999998
12   -1.9999999999999998
12   -1.958445621243532
12   -1.9584456212435308
12   3.9584456212435293
12   3.958445621243531
13   -2.0000000000000004
13   -1.9999999999999991
13   -1.9518335238774944
13   -1.9518335238774942
13   3.951833523877493
13   3.951833523877495
14   -2.0
14   -1.9999999999999991
14   -1.9447398407953527
14   -1.9447398407953522
14   3.944739840795351
14   3.9447398407953527
15   -2.0
15   -1.9999999999999991
15   -1.9371663222572626
15   -1.9371663222572626
15   3.937166322257262
15   3.937166322257263
16   -1.9999999999999998
16   -1.9999999999999998
16   -1.9291148369155957
16   -1.929114836915595
16   3.929114836915595
16   3.9291148369155966
17   -2.0000000000000018
17   -1.9999999999999998
17   -1.920587371353888
17   -1.9205873713538866
17   3.9205873713538866
17   3.9205873713538875
18   -2.0000000000000004
18   -2.0
18   -1.911586029596661
18   -1.91158602959666
18   3.91158602959666
18   3.911586029596661
19   -1.9999999999999998
19   -1.9999999999999982
19   -1.902113032590307
19   -1.902113032590307
19   3.9021130325903077
19   3.90211303259031
20   -2.0
20   -1.9999999999999998
20   -1.8921707176550906
20   -1.8921707176550902
20   3.89217071765509
20   3.892170717655091
21   -2.0
21   -1.9999999999999996
21   -1.8817615379084502
21   -1.8817615379084498
21   3.8817615379084494
21   3.881761537908451
22   -2.0
22   -1.9999999999999993
22   -1.8708880616597352
22   -1.870888061659735
22   3.8708880616597336
22   3.8708880616597345
23   -2.0000000000000004
23   -1.9999999999999998
23   -1.8595529717765027
23   -1.859552971776501
23   3.8595529717765023
23   3.8595529717765027
24   -2.0000000000000004
24   -1.9999999999999991
24   -1.8477590650225744
24   -1.8477590650225726
24   3.847759065022572
24   3.847759065022573
25   -2.0
25   -1.9999999999999996
25   -1.8355092513679632
25   -1.8355092513679623
25   3.8355092513679607
25   3.8355092513679625
26   -2.0
26   -1.9999999999999998
26   -1.8228065532708906
26   -1.8228065532708901
26   3.822806553270889
26   3.82280655327089
27   -2.0000000000000004
27   -1.9999999999999996
27   -1.8096541049320396
27   -1.8096541049320385
27   3.809654104932039
27   3.8096541049320396
28   -2.0
28   -1.9999999999999998
28   -1.7960551515212315
28   -1.7960551515212293
28   3.796055151521231
28   3.796055151521232
29   -2.0000000000000004
29   -2.0
29   -1.7820130483767362
29   -1.7820130483767354
29   3.782013048376735
29   3.7820130483767356
30   -2.0000000000000004
30   -1.9999999999999982
30   -1.7675312601773867
30   -1.767531260177386
30   3.7675312601773863
30   3.7675312601773867
31   -2.000000000000001
31   -1.9999999999999998
31   -1.7526133600877272
31   -1.7526133600877272
31   3.752613360087727
31   3.752613360087727
32   -2.0000000000000004
32   -2.0
32   -1.7372630288763835
32   -1.7372630288763817
32   3.737263028876382
32   3.7372630288763826
33   -2.0
33   -1.9999999999999993
33   -1.721484054007887
33   -1.7214840540078864
33   3.721484054007887
33   3.7214840540078873
34   -2.0
34   -2.0
34   -1.7052803287081844
34   -1.7052803287081837
34   3.7052803287081817
34   3.705280328708184
35   -1.9999999999999996
35   -1.9999999999999991
35   -1.6886558510040297
35   -1.6886558510040293
35   3.688655851004029
35   3.68865585100403
36   -2.0000000000000004
36   -2.0
36   -1.6716147227365403
36   -1.6716147227365397
36   3.67161472273654
36   3.671614722736541
37   -2.0
37   -1.9999999999999996
37   -1.6541611485491234
37   -1.6541611485491212
37   3.6541611485491234
37   3.6541611485491234
38   -2.0
38   -1.9999999999999991
38   -1.6362994348500486
38   -1.636299434850046
38   3.636299434850047
38   3.6362994348500473
39   -2.0
39   -1.999999999999999
39   -1.6180339887498951
39   -1.6180339887498938
39   3.618033988749894
39   3.6180339887498967
40   -1.9999999999999998
40   -1.9999999999999996
40   -1.5993693169741805
40   -1.5993693169741803
40   3.59936931697418
40   3.5993693169741805
41   -2.0
41   -1.9999999999999998
41   -1.5803100247513815
41   -1.5803100247513795
41   3.5803100247513786
41   3.5803100247513804
42   -2.0000000000000004
42   -1.9999999999999991
42   -1.5608608146766598
42   -1.5608608146766587
42   3.5608608146766585
42   3.5608608146766585
43   -1.9999999999999998
43   -1.9999999999999996
43   -1.5410264855515794
43   -1.541026485551578
43   3.541026485551578
43   3.5410264855515785
44   -2.0
44   -1.9999999999999996
44   -1.5208119312000612
44   -1.5208119312000608
44   3.5208119312000603
44   3.5208119312000616
45   -2.000000000000001
45   -2.0
45   -1.500222139260918
45   -1.500222139260918
45   3.5002221392609183
45   3.5002221392609183
46   -2.0
46   -2.0
46   -1.479262189957219
46   -1.4792621899572187
46   3.479262189957219
46   3.479262189957219
47   -2.0000000000000004
47   -2.0
47   -1.4579372548428224
47   -1.4579372548428222
47   3.4579372548428227
47   3.4579372548428235
48   -2.0000000000000004
48   -1.9999999999999991
48   -1.4362525955263776
48   -1.4362525955263772
48   3.4362525955263767
48   3.436252595526377
49   -2.0
49   -1.9999999999999991
49   -1.4142135623730958
49   -1.414213562373094
49   3.414213562373094
49   3.4142135623730954
50   -2.000000000000001
50   -2.0
50   -1.3918255931846286
50   -1.3918255931846273
50   3.391825593184628
50   3.3918255931846284
51   -2.0000000000000004
51   -2.0
51   -1.3690942118573768
51   -1.369094211857376
51   3.3690942118573766
51   3.3690942118573775
52   -2.0
52   -1.9999999999999996
52   -1.3460250270195462
52   -1.3460250270195462
52   3.346025027019546
52   3.3460250270195466
53   -2.0
53   -1.9999999999999996
53   -1.3226237306473032
53   -1.3226237306473032
53   3.322623730647303
53   3.3226237306473037
54   -2.0
54   -1.9999999999999991
54   -1.298896096660367
54   -1.2988960966603655
54   3.2988960966603664
54   3.2988960966603664
55   -1.9999999999999998
55   -1.9999999999999991
55   -1.274847979497379
55   -1.2748479794973786
55   3.2748479794973777
55   3.2748479794973786
56   -2.0000000000000004
56   -1.9999999999999996
56   -1.2504853126714104
56   -1.2504853126714082
56   3.2504853126714095
56   3.25048531267141
57   -1.9999999999999998
57   -1.9999999999999996
57   -1.2258141073059523
57   -1.2258141073059523
57   3.2258141073059514
57   3.2258141073059523
58   -2.0
58   -2.0
58   -1.2008404506517674
58   -1.200840450651767
58   3.200840450651767
58   3.200840450651768
59   -2.000000000000001
59   -2.0
59   -1.1755705045849456
59   -1.1755705045849445
59   3.175570504584944
59   3.175570504584946
60   -2.000000000000001
60   -1.9999999999999998
60   -1.1500105040865574
60   -1.1500105040865565
60   3.150010504086556
60   3.1500105040865574
61   -2.0000000000000004
61   -1.9999999999999996
61   -1.1241667557042603
61   -1.1241667557042598
61   3.1241667557042607
61   3.124166755704261
62   -2.000000000000001
62   -2.0
62   -1.098045635996263
62   -1.098045635996262
62   3.0980456359962627
62   3.0980456359962636
63   -2.000000000000001
63   -1.9999999999999998
63   -1.071653589957993
63   -1.0716535899579922
63   3.071653589957992
63   3.071653589957993
64   -2.0
64   -2.0
64   -1.0449971294318967
64   -1.044997129431895
64   3.0449971294318963
64   3.0449971294318967
65   -2.0
65   -1.9999999999999991
65   -1.0180828315007417
65   -1.0180828315007413
65   3.0180828315007413
65   3.0180828315007413
66   -2.0
66   -1.9999999999999998
66   -0.9909173368648145
66   -0.9909173368648138
66   2.9909173368648143
66   2.9909173368648143
67   -2.0
67   -1.9999999999999987
67   -0.9635073482034295
67   -0.9635073482034293
67   2.963507348203428
67   2.9635073482034295
68   -2.0
68   -2.0
68   -0.9358596285211457
68   -0.935859628521145
68   2.935859628521146
68   2.935859628521146
69   -2.0
69   -1.9999999999999998
69   -0.9079809994790929
69   -0.9079809994790923
69   2.9079809994790926
69   2.907980999479093
70   -2.0000000000000004
70   -1.9999999999999996
70   -0.8798783397118295
70   -0.8798783397118286
70   2.879878339711829
70   2.8798783397118304
71   -2.0
71   -2.0
71   -0.8515585831301445
71   -0.8515585831301439
71   2.851558583130144
71   2.851558583130144
72   -2.0
72   -1.9999999999999991
72   -0.8230287172102165
72   -0.8230287172102163
72   2.8230287172102164
72   2.8230287172102164
73   -2.000000000000001
73   -1.9999999999999998
73   -0.7942957812695606
73   -0.7942957812695592
73   2.7942957812695592
73   2.794295781269561
74   -2.0
74   -1.9999999999999998
74   -0.765366864730179
74   -0.7653668647301786
74   2.7653668647301783
74   2.7653668647301783
75   -2.0
75   -1.9999999999999987
75   -0.7362491053693548
75   -0.7362491053693542
75   2.7362491053693527
75   2.7362491053693545
76   -2.0
76   -2.0
76   -0.7069496875585132
76   -0.7069496875585125
76   2.706949687558512
76   2.706949687558513
77   -2.0
77   -1.9999999999999998
77   -0.6774758404905818
77   -0.6774758404905817
77   2.6774758404905805
77   2.6774758404905814
78   -2.0000000000000004
78   -2.0
78   -0.6478348363962978
78   -0.6478348363962975
78   2.6478348363962962
78   2.6478348363962976
79   -2.0
79   -1.9999999999999991
79   -0.6180339887498937
79   -0.6180339887498926
79   2.618033988749893
79   2.6180339887498936
80   -2.0000000000000004
80   -1.9999999999999998
80   -0.5880806504646062
80   -0.5880806504646054
80   2.5880806504646054
80   2.588080650464607
81   -2.0
81   -2.0
81   -0.5579822120784574
81   -0.5579822120784566
81   2.557982212078456
81   2.557982212078458
82   -2.0
82   -2.0
82   -0.5277460999307442
82   -0.5277460999307433
82   2.527746099930744
82   2.527746099930744
83   -2.0
83   -2.0
83   -0.49737977432970865
83   -0.4973797743297082
83   2.4973797743297084
83   2.4973797743297093
84   -2.0
84   -1.9999999999999998
84   -0.4668907277118094
84   -0.4668907277118092
84   2.4668907277118093
84   2.4668907277118093
85   -2.0000000000000004
85   -2.0
85   -0.4362864827930837
85   -0.43628648279308324
85   2.436286482793084
85   2.436286482793084
86   -1.9999999999999998
86   -1.9999999999999996
86   -0.4055745907130231
86   -0.405574590713023
86   2.405574590713023
86   2.405574590713023
87   -1.9999999999999998
87   -1.9999999999999998
87   -0.3747626291714482
87   -0.3747626291714475
87   2.3747626291714474
87   2.3747626291714483
88   -2.0
88   -1.9999999999999996
88   -0.3438582005588172
88   -0.343858200558817
88   2.343858200558817
88   2.343858200558817
89   -2.000000000000001
89   -1.9999999999999996
89   -0.3128689300804603
89   -0.3128689300804595
89   2.31286893008046
89   2.3128689300804606
90   -2.000000000000001
90   -1.9999999999999998
90   -0.2818024638751634
90   -0.2818024638751626
90   2.281802463875163
90   2.281802463875164
91   -2.0
91   -1.9999999999999998
91   -0.2506664671286073
91   -0.25066646712860646
91   2.2506664671286067
91   2.2506664671286067
92   -2.0
92   -1.9999999999999993
92   -0.21946862218208907
92   -0.21946862218208885
92   2.219468622182088
92   2.219468622182089
93   -2.0
93   -1.9999999999999991
93   -0.18821662663702707
93   -0.18821662663702668
93   2.188216626637026
93   2.188216626637027
94   -2.0
94   -2.0
94   -0.15691819145568833
94   -0.15691819145568783
94   2.156918191455688
94   2.1569181914556887
95   -2.0
95   -2.0
95   -0.1255810390586249
95   -0.12558103905862456
95   2.1255810390586247
95   2.1255810390586247
96   -2.0
96   -1.999999999999999
96   -0.09421290141928354
96   -0.09421290141928326
96   2.094212901419282
96   2.0942129014192834
97   -1.9999999999999996
97   -1.9999999999999993
97   -0.06282151815625525
97   -0.06282151815625392
97   2.0628215181562535
97   2.0628215181562544
98   -2.0000000000000004
98   -2.0
98   -0.03141463462363985
98   -0.03141463462363953
98   2.0314146346236397
98   2.0314146346236397
99   -2.0
99   -1.9999999999999998
99   1.735088934182029e-15
99   2.2617139544685345e-15
99   1.9999999999999978
99   1.9999999999999982
100   -2.0
100   -1.9999999999999996
100   0.0314146346236432
100   0.03141463462364356
100   1.9685853653763565
100   1.9685853653763565
101   -2.0
101   -1.9999999999999993
101   0.06282151815625835
101   0.06282151815625882
101   1.9371784818437403
101   1.9371784818437412
102   -2.0
102   -1.9999999999999998
102   0.09421290141928651
102   0.09421290141928806
102   1.9057870985807124
102   1.9057870985807126
103   -1.9999999999999998
103   -1.9999999999999991
103   0.1255810390586288
103   0.12558103905862908
103   1.87441896094137
103   1.8744189609413708
104   -2.0000000000000004
104   -2.0
104   0.15691819145569155
104   0.15691819145569216
104   1.8430818085443081
104   1.8430818085443086
105   -2.0
105   -2.0
105   0.18821662663703037
105   0.18821662663703115
105   1.8117833733629696
105   1.8117833733629696
106   -2.0
106   -2.0
106   0.2194686221820927
106   0.21946862218209298
106   1.780531377817907
106   1.7805313778179073
107   -1.9999999999999996
107   -1.9999999999999996
107   0.2506664671286103
107   0.25066646712861074
107   1.749333532871389
107   1.7493335328713893
108   -2.0000000000000004
108   -2.0000000000000004
108   0.28180246387516744
108   0.281802463875168
108   1.7181975361248325
108   1.7181975361248325
109   -2.0
109   -2.0
109   0.312868930080464
109   0.31286893008046424
109   1.6871310699195363
109   1.6871310699195365
110   -2.0000000000000004
110   -2.0
110   0.343858200558821
110   0.34385820055882166
110   1.6561417994411785
110   1.656141799441179
111   -2.0
111   -1.9999999999999991
111   0.3747626291714514
111   0.3747626291714516
111   1.6252373708285484
111   1.6252373708285486
112   -2.0
112   -2.0
112   0.4055745907130275
112   0.4055745907130279
112   1.5944254092869725
112   1.594425409286973
113   -2.0
113   -1.9999999999999993
113   0.436286482793087
113   0.4362864827930881
113   1.5637135172069125
113   1.563713517206913
114   -2.0000000000000004
114   -2.0
114   0.4668907277118131
114   0.46689072771181345
114   1.533109272288187
114   1.5331092722881872
115   -2.0000000000000004
115   -1.9999999999999998
115   0.4973797743297115
115   0.49737977432971237
115   1.502620225670288
115   1.5026202256702883
116   -2.0
116   -1.9999999999999996
116   0.5277460999307482
116   0.5277460999307486
116   1.4722539000692514
116   1.472253900069252
117   -2.0000000000000004
117   -1.9999999999999998
117   0.5579822120784605
117   0.557982212078461
117   1.442017787921539
117   1.4420177879215395
118   -2.0000000000000004
118   -2.0
118   0.5880806504646094
118   0.5880806504646112
118   1.4119193495353897
118   1.41191934953539
119   -2.0000000000000004
119   -1.9999999999999998
119   0.6180339887498962
119   0.6180339887498985
119   1.3819660112501027
119   1.3819660112501029
120   -2.0000000000000004
120   -2.0
120   0.6478348363963007
120   0.6478348363963011
120   1.3521651636036989
120   1.3521651636036989
121   -2.0
121   -2.0
121   0.6774758404905854
121   0.6774758404905855
121   1.3225241595094148
121   1.3225241595094148
122   -2.0
122   -1.9999999999999998
122   0.7069496875585166
122   0.7069496875585175
122   1.2930503124414832
122   1.2930503124414834
123   -1.9999999999999998
123   -1.9999999999999998
123   0.736249105369358
123   0.7362491053693584
123   1.263750894630641
123   1.2637508946306415
124   -2.0
124   -1.9999999999999998
124   0.7653668647301815
124   0.765366864730182
124   1.2346331352698177
124   1.234633135269818
125   -2.0
125   -1.9999999999999996
125   0.7942957812695638
125   0.7942957812695639
125   1.205704218730436
125   1.205704218730436
126   -2.0
126   -2.0
126   0.8230287172102195
126   0.82302871721022
126   1.17697128278978
126   1.1769712827897807
127   -2.0
127   -1.9999999999999998
127   0.8515585831301475
127   0.8515585831301478
127   1.148441416869852
127   1.148441416869852
128   -2.0
128   -2.0
128   0.8798783397118323
128   0.8798783397118327
128   1.1201216602881667
128   1.1201216602881674
129   -2.0
129   -2.0
129   0.9079809994790952
129   0.9079809994790954
129   1.092019000520904
129   1.0920190005209043
130   -2.000000000000001
130   -2.0
130   0.9358596285211491
130   0.9358596285211496
130   1.0641403714788504
130   1.0641403714788513
131   -2.000000000000001
131   -2.0
131   0.9635073482034328
131   0.963507348203434
131   1.0364926517965667
131   1.036492651796567
132   -2.0
132   -2.0
132   0.9909173368648174
132   0.9909173368648185
132   1.0090826631351826
132   1.009082663135183
133   -2.0
133   -1.9999999999999998
133   0.9819171684992545
133   0.9819171684992554
133   1.0180828315007453
133   1.0180828315007457
134   -2.0
134   -1.9999999999999998
134   0.9550028705681
134   0.9550028705681002
134   1.0449971294319
134   1.0449971294319005
135   -2.0
135   -1.9999999999999996
135   0.9283464100420038
135   0.9283464100420039
135   1.0716535899579958
135   1.071653589957996
136   -2.0
136   -2.0
136   0.9019543640037336
136   0.901954364003734
136   1.0980456359962658
136   1.098045635996266
137   -2.0
137   -2.0
137   0.8758332442957362
137   0.8758332442957365
137   1.1241667557042632
137   1.1241667557042636
138   -2.0000000000000004
138   -2.0
138   0.8499894959134406
138   0.8499894959134409
138   1.1500105040865594
138   1.1500105040865596
139   -2.0
139   -2.0
139   0.8244294954150508
139   0.8244294954150508
139   1.1755705045849485
139   1.175570504584949
140   -2.0
140   -1.999999999999999
140   0.7991595493482293
140   0.7991595493482296
140   1.2008404506517707
140   1.200840450651771
141   -1.9999999999999996
141   -1.9999999999999993
141   0.7741858926940445
141   0.774185892694045
141   1.2258141073059543
141   1.2258141073059554
142   -2.0
142   -2.0
142   0.7495146873285874
142   0.7495146873285876
142   1.2504853126714126
142   1.2504853126714135
143   -2.0000000000000004
143   -2.0000000000000004
143   0.7251520205026178
143   0.7251520205026181
143   1.2748479794973826
143   1.274847979497383
144   -2.0000000000000004
144   -1.9999999999999996
144   0.7011039033396298
144   0.7011039033396302
144   1.298896096660369
144   1.2988960966603702
145   -2.0
145   -1.9999999999999996
145   0.6773762693526938
145   0.6773762693526939
145   1.3226237306473054
145   1.3226237306473059
146   -2.0
146   -2.0
146   0.653974972980451
146   0.6539749729804512
146   1.3460250270195486
146   1.3460250270195488
147   -2.0000000000000004
147   -2.0
147   0.6309057881426204
147   0.6309057881426208
147   1.3690942118573788
147   1.3690942118573797
148   -2.0
148   -2.0
148   0.6081744068153685
148   0.6081744068153689
148   1.391825593184631
148   1.3918255931846315
149   -2.0
149   -1.9999999999999993
149   0.5857864376269026
149   0.5857864376269026
149   1.4142135623730971
149   1.4142135623730974
150   -2.0
150   -1.9999999999999993
150   0.5637474044736203
150   0.5637474044736203
150   1.4362525955263787
150   1.43625259552638
151   -2.0
151   -2.0
151   0.5420627451571747
151   0.5420627451571751
151   1.4579372548428247
151   1.457937254842825
152   -2.0
152   -2.0
152   0.5207378100427777
152   0.5207378100427782
152   1.4792621899572218
152   1.4792621899572236
153   -2.0
153   -2.0
153   0.49977786073907843
153   0.4997778607390785
153   1.5002221392609214
153   1.5002221392609218
154   -2.0
154   -1.9999999999999996
154   0.4791880687999356
154   0.47918806879993603
154   1.5208119312000647
154   1.5208119312000647
155   -2.0
155   -1.999999999999999
155   0.45897351444841944
155   0.4589735144484196
155   1.5410264855515792
155   1.5410264855515794
156   -1.9999999999999998
156   -1.9999999999999996
156   0.43913918532333807
156   0.4391391853233384
156   1.5608608146766612
156   1.5608608146766618
157   -2.0
157   -1.9999999999999996
157   0.4196899752486169
157   0.419689975248617
157   1.5803100247513826
157   1.5803100247513828
158   -2.0
158   -1.999999999999999
158   0.4006306830258166
158   0.4006306830258169
158   1.5993693169741818
158   1.5993693169741834
159   -2.0000000000000004
159   -2.0
159   0.3819660112501032
159   0.3819660112501033
159   1.6180339887498967
159   1.618033988749897
160   -2.000000000000001
160   -2.0000000000000004
160   0.3637005651499512
160   0.36370056514995164
160   1.6362994348500481
160   1.636299434850049
161   -2.0
161   -1.9999999999999998
161   0.34583885145087423
161   0.34583885145087434
161   1.654161148549125
161   1.654161148549126
162   -2.0000000000000004
162   -2.0
162   0.32838527726345745
162   0.32838527726345795
162   1.6716147227365417
162   1.6716147227365425
163   -2.0
163   -1.9999999999999987
163   0.31134414899596735
163   0.31134414899596796
163   1.6886558510040308
163   1.6886558510040315
164   -2.0000000000000004
164   -2.0
164   0.2947196712918138
164   0.2947196712918138
164   1.7052803287081855
164   1.7052803287081857
165   -1.9999999999999998
165   -1.9999999999999993
165   0.27851594599211044
165   0.2785159459921107
165   1.7214840540078882
165   1.7214840540078886
166   -2.0000000000000004
166   -1.9999999999999996
166   0.2627369711236153
166   0.2627369711236156
166   1.7372630288763835
166   1.7372630288763848
167   -1.9999999999999996
167   -1.9999999999999991
167   0.24738663991227106
167   0.24738663991227128
167   1.7526133600877292
167   1.7526133600877296
168   -2.0000000000000013
168   -2.0
168   0.23246873982261068
168   0.23246873982261157
168   1.7675312601773885
168   1.7675312601773892
169   -2.0
169   -1.9999999999999998
169   0.21798695162326193
169   0.21798695162326243
169   1.782013048376736
169   1.7820130483767374
170   -1.9999999999999998
170   -1.9999999999999996
170   0.203944848478767
170   0.20394484847876712
170   1.7960551515212324
170   1.796055151521233
171   -2.0
171   -1.9999999999999996
171   0.19034589506795904
171   0.1903458950679593
171   1.80965410493204
171   1.8096541049320403
172   -2.0000000000000004
172   -1.9999999999999996
172   0.17719344672910792
172   0.17719344672910875
172   1.8228065532708915
172   1.822806553270892
173   -2.0000000000000004
173   -2.0
173   0.16449074863203622
173   0.16449074863203636
173   1.8355092513679625
173   1.8355092513679647
174   -2.0000000000000004
174   -1.999999999999999
174   0.15224093497742486
174   0.15224093497742497
174   1.847759065022575
174   1.8477590650225753
175   -2.0000000000000004
175   -1.9999999999999998
175   0.14044702822349572
175   0.14044702822349586
175   1.8595529717765045
175   1.8595529717765047
176   -2.0000000000000004
176   -1.9999999999999998
176   0.12911193834026388
176   0.12911193834026397
176   1.8708880616597356
176   1.8708880616597372
177   -2.000000000000001
177   -2.0
177   0.11823846209154777
177   0.11823846209154787
177   1.8817615379084516
177   1.881761537908453
178   -2.0000000000000004
178   -1.9999999999999996
178   0.10782928234490784
178   0.10782928234490806
178   1.892170717655092
178   1.892170717655092
179   -2.0
179   -1.9999999999999984
179   0.09788696740969155
179   0.09788696740969191
179   1.9021130325903073
179   1.9021130325903088
180   -2.000000000000001
180   -2.0000000000000004
180   0.08841397040333832
180   0.0884139704033386
180   1.9115860295966614
180   1.9115860295966622
181   -2.0
181   -1.9999999999999996
181   0.07941262864611277
181   0.07941262864611313
181   1.9205873713538868
181   1.9205873713538875
182   -2.000000000000001
182   -1.9999999999999987
182   0.07088516308440207
182   0.0708851630844026
182   1.9291148369155962
182   1.9291148369155975
183   -2.0000000000000004
183   -1.9999999999999996
183   0.06283367774273657
183   0.06283367774273683
183   1.9371663222572637
183   1.9371663222572644
184   -2.0000000000000004
184   -1.9999999999999993
184   0.05526015920464532
184   0.05526015920464579
184   1.9447398407953538
184   1.944739840795355
185   -2.000000000000001
185   -2.0
185   0.04816647612250431
185   0.04816647612250469
185   1.9518335238774953
185   1.9518335238774966
186   -2.0
186   -1.9999999999999998
186   0.0415543787564675
186   0.04155437875646766
186   1.9584456212435324
186   1.9584456212435326
187   -2.0
187   -2.0
187   0.03542549854262139
187   0.03542549854262178
187   1.9645745014573779
187   1.9645745014573786
188   -2.0000000000000004
188   -1.999999999999999
188   0.02978134769045139
188   0.029781347690451543
188   1.9702186523095482
188   1.9702186523095484
189   -1.9999999999999998
189   -1.9999999999999982
189   0.024623318809723887
189   0.024623318809723935
189   1.9753766811902753
189   1.9753766811902767
190   -2.000000000000001
190   -1.9999999999999991
190   0.019952684566884087
190   0.019952684566884323
190   1.9800473154331155
190   1.9800473154331164
191   -2.0000000000000004
191   -2.0000000000000004
191   0.015770597371043728
191   0.015770597371043887
191   1.9842294026289555
191   1.9842294026289564
192   -2.0
192   -1.9999999999999996
192   0.012078089089640122
192   0.01207808908964031
192   1.9879219109103585
192   1.9879219109103592
193   -2.0000000000000004
193   -1.9999999999999993
193   0.008876070793839544
193   0.008876070793839683
193   1.9911239292061602
193   1.9911239292061604
194   -2.0000000000000004
194   -2.0
194   0.0061653325337436725
194   0.006165332533743721
194   1.9938346674662557
194   1.993834667466256
195   -2.0000000000000004
195   -2.0
195   0.003946543143456568
195   0.003946543143456882
195   1.9960534568565422
195   1.9960534568565436
196   -2.0
196   -2.0
196   0.0022202500760598316
196   0.002220250076060193
196   1.9977797499239398
196   1.9977797499239403
197   -2.0000000000000013
197   -2.0
197   0.0009868792685367427
197   0.0009868792685368
197   1.9990131207314625
197   1.9990131207314636
198   -2.0000000000000004
198   -1.999999999999999
198   0.000246735036678734
198   0.0002467350366794907
198   1.9997532649633203
198   1.9997532649633216
199   -2.0
199   -2.0
199   0.0
199   0.0
199   2.0
199   2.0
200   -1.9999999999999996
200   -1.9999999999999991
200   0.0002467350366788246
200   0.000246735036678852
200   1.9997532649633207
200   1.999753264963322
201   -2.0000000000000004
201   -1.9999999999999991
201   0.0009868792685369422
201   0.0009868792685369802
201   1.9990131207314628
201   1.999013120731464
202   -2.0000000000000004
202   -2.0
202   0.0022202500760601426
202   0.002220250076060637
202   1.9977797499239411
202   1.9977797499239411
203   -2.0000000000000013
203   -2.0000000000000004
203   0.003946543143456925
203   0.003946543143457104
203   1.9960534568565431
203   1.9960534568565438
204   -2.0000000000000013
204   -2.0
204   0.006165332533743829
204   0.0061653325337440975
204   1.9938346674662561
204   1.993834667466257
205   -2.0
205   -2.0
205   0.008876070793839933
205   0.008876070793840007
205   1.9911239292061595
205   1.99112392920616
206   -2.0000000000000018
206   -1.9999999999999991
206   0.012078089089640559
206   0.012078089089640864
206   1.9879219109103594
206   1.9879219109103607
207   -2.0000000000000004
207   -1.9999999999999993
207   0.01577059737104388
207   0.015770597371044158
207   1.9842294026289558
207   1.9842294026289566
208   -2.0000000000000004
208   -2.0000000000000004
208   0.01995268456688437
208   0.019952684566884607
208   1.980047315433115
208   1.9800473154331155
209   -1.9999999999999998
209   -1.9999999999999984
209   0.02462331880972409
209   0.024623318809724126
209   1.9753766811902749
209   1.9753766811902753
210   -1.9999999999999996
210   -1.9999999999999991
210   0.029781347690451536
210   0.02978134769045171
210   1.9702186523095477
210   1.9702186523095486
211   -1.999999999999999
211   -1.9999999999999984
211   0.03542549854262163
211   0.03542549854262195
211   1.9645745014573768
211   1.96457450145738
212   -2.000000000000001
212   -1.9999999999999998
212   0.04155437875646729
212   0.041554378756467565
212   1.9584456212435322
212   1.9584456212435326
213   -2.0000000000000004
213   -1.9999999999999991
213   0.04816647612250363
213   0.04816647612250407
213   1.9518335238774958
213   1.951833523877496
214   -1.9999999999999998
214   -1.9999999999999996
214   0.05526015920464504
214   0.055260159204645345
214   1.9447398407953542
214   1.944739840795355
215   -2.0
215   -1.9999999999999996
215   0.06283367774273611
215   0.06283367774273638
215   1.9371663222572637
215   1.937166322257264
216   -2.0000000000000004
216   -1.9999999999999996
216   0.07088516308440163
216   0.07088516308440179
216   1.9291148369155962
216   1.9291148369155988
217   -2.0
217   -2.0
217   0.07941262864611162
217   0.0794126286461117
217   1.9205873713538875
217   1.9205873713538877
218   -1.9999999999999998
218   -1.9999999999999996
218   0.08841397040333691
218   0.08841397040333712
218   1.9115860295966625
218   1.9115860295966636
219   -2.0
219   -1.9999999999999996
219   0.09788696740968997
219   0.09788696740969002
219   1.9021130325903086
219   1.9021130325903106
220   -2.0
220   -1.9999999999999996
220   0.10782928234490596
220   0.1078292823449061
220   1.8921707176550928
220   1.8921707176550937
221   -2.0
221   -1.9999999999999996
221   0.11823846209154551
221   0.11823846209154568
221   1.8817615379084542
221   1.8817615379084551
222   -2.000000000000001
222   -2.0
222   0.12911193834026127
222   0.12911193834026138
222   1.8708880616597388
222   1.8708880616597399
223   -2.0000000000000004
223   -2.0000000000000004
223   0.14044702822349242
223   0.1404470282234926
223   1.8595529717765071
223   1.8595529717765076
224   -2.0
224   -1.9999999999999996
224   0.15224093497742147
224   0.15224093497742167
224   1.8477590650225775
224   1.847759065022578
225   -1.9999999999999996
225   -1.9999999999999996
225   0.16449074863203225
225   0.16449074863203256
225   1.8355092513679678
225   1.8355092513679683
226   -2.0000000000000004
226   -2.0000000000000004
226   0.17719344672910373
226   0.17719344672910442
226   1.8228065532708966
226   1.8228065532708975
227   -2.0000000000000004
227   -1.9999999999999996
227   0.1903458950679545
227   0.19034589506795507
227   1.8096541049320454
227   1.8096541049320458
228   -2.000000000000001
228   -2.0
228   0.20394484847876174
228   0.20394484847876201
228   1.7960551515212375
228   1.7960551515212377
229   -1.9999999999999996
229   -1.9999999999999996
229   0.21798695162325654
229   0.21798695162325699
229   1.7820130483767431
229   1.7820130483767442
230   -2.0000000000000004
230   -2.0000000000000004
230   0.2324687398226051
230   0.23246873982260555
230   1.7675312601773927
230   1.7675312601773947
231   -2.0000000000000013
231   -2.0
231   0.24738663991226437
231   0.24738663991226487
231   1.7526133600877345
231   1.752613360087736
232   -2.0
232   -1.9999999999999996
232   0.2627369711236083
232   0.2627369711236085
232   1.7372630288763915
232   1.7372630288763922
233   -1.9999999999999998
233   -1.9999999999999998
233   0.27851594599210316
233   0.27851594599210344
233   1.7214840540078957
233   1.7214840540078966
234   -2.0000000000000004
234   -2.0
234   0.29471967129180454
234   0.2947196712918052
234   1.705280328708195
234   1.7052803287081961
235   -2.0
235   -1.9999999999999998
235   0.3113441489959591
235   0.31134414899595914
235   1.68865585100404
235   1.688655851004041
236   -2.0
236   -1.9999999999999998
236   0.3283852772634479
236   0.3283852772634479
236   1.671614722736551
236   1.671614722736552
237   -2.0
237   -2.0
237   0.3458388514508644
237   0.3458388514508647
237   1.6541611485491343
237   1.6541611485491348
238   -2.0000000000000018
238   -2.0000000000000004
238   0.3637005651499402
238   0.3637005651499407
238   1.6362994348500592
238   1.6362994348500601
239   -2.0
239   -1.9999999999999998
239   0.3819660112500918
239   0.3819660112500921
239   1.618033988749908
239   1.618033988749909
240   -2.0
240   -1.9999999999999993
240   0.400630683025804
240   0.4006306830258047
240   1.599369316974194
240   1.5993693169741947
241   -2.0
241   -1.9999999999999993
241   0.41968997524860396
241   0.41968997524860413
241   1.5803100247513948
241   1.5803100247513961
242   -1.9999999999999998
242   -1.9999999999999996
242   0.4391391853233244
242   0.4391391853233252
242   1.5608608146766743
242   1.5608608146766747
243   -2.000000000000001
243   -2.0000000000000004
243   0.4589735144484046
243   0.4589735144484052
243   1.5410264855515947
243   1.541026485551595
244   -2.0
244   -1.9999999999999991
244   0.4791880687999207
244   0.4791880687999215
244   1.5208119312000785
244   1.5208119312000787
245   -2.0
245   -1.9999999999999991
245   0.499777860739063
245   0.49977786073906305
245   1.5002221392609363
245   1.5002221392609367
246   -2.0
246   -2.0
246   0.5207378100427621
246   0.5207378100427622
246   1.479262189957237
246   1.4792621899572378
247   -1.9999999999999998
247   -1.9999999999999991
247   0.5420627451571575
247   0.5420627451571576
247   1.4579372548428424
247   1.4579372548428429
248   -2.0
248   -2.0
248   0.563747404473602
248   0.5637474044736026
248   1.4362525955263967
248   1.4362525955263976
249   -2.0
249   -1.9999999999999991
249   0.5857864376268839
249   0.585786437626884
249   1.4142135623731156
249   1.4142135623731167
250   -2.0
250   -2.0
250   0.6081744068153494
250   0.6081744068153496
250   1.3918255931846506
250   1.391825593184651
251   -2.0000000000000013
251   -2.0
251   0.6309057881426001
251   0.6309057881426002
251   1.3690942118573992
251   1.3690942118573997
252   -2.0
252   -1.9999999999999998
252   0.6539749729804295
252   0.6539749729804296
252   1.34602502701957
252   1.3460250270195706
253   -2.0
253   -1.9999999999999998
253   0.6773762693526721
253   0.6773762693526724
253   1.3226237306473276
253   1.322623730647328
254   -2.0
254   -2.0
254   0.7011039033396071
254   0.7011039033396079
254   1.2988960966603924
254   1.2988960966603926
255   -2.0
255   -1.9999999999999998
255   0.7251520205025948
255   0.7251520205025952
255   1.274847979497405
255   1.2748479794974052
256   -2.0
256   -1.9999999999999991
256   0.7495146873285633
256   0.7495146873285637
256   1.2504853126714364
256   1.2504853126714368
257   -1.9999999999999998
257   -1.9999999999999996
257   0.7741858926940187
257   0.7741858926940192
257   1.2258141073059794
257   1.2258141073059805
258   -2.000000000000001
258   -2.0
258   0.7991595493482029
258   0.7991595493482034
258   1.2008404506517958
258   1.2008404506517962
259   -1.9999999999999998
259   -1.9999999999999996
259   0.8244294954150242
259   0.824429495415025
259   1.175570504584975
259   1.1755705045849758
260   -2.0
260   -1.9999999999999996
260   0.8499894959134118
260   0.849989495913412
260   1.1500105040865878
260   1.150010504086588
261   -2.0
261   -1.9999999999999996
261   0.8758332442957072
261   0.8758332442957074
261   1.1241667557042925
261   1.1241667557042934
262   -2.0
262   -2.0
262   0.9019543640037042
262   0.9019543640037044
262   1.0980456359962953
262   1.0980456359962958
263   -1.9999999999999996
263   -1.9999999999999996
263   0.928346410041974
263   0.9283464100419743
263   1.0716535899580255
263   1.071653589958026
264   -2.0
264   -2.0
264   0.9550028705680679
264   0.9550028705680681
264   1.0449971294319318
264   1.0449971294319327
265   -2.0
265   -2.0
265   0.9819171684992221
265   0.9819171684992226
265   1.018082831500778
265   1.0180828315007782
266   -2.0
266   -2.0
266   0.9909173368648503
266   0.9909173368648507
266   1.0090826631351495
266   1.0090826631351497
267   -2.000000000000001
267   -2.0
267   0.963507348203466
267   0.9635073482034664
267   1.0364926517965336
267   1.036492651796534
268   -2.0
268   -2.0
268   0.9358596285211846
268   0.9358596285211846
268   1.0641403714788154
268   1.0641403714788154
269   -2.0
269   -2.0
269   0.9079809994791321
269   0.9079809994791326
269   1.0920190005208679
269   1.0920190005208679
270   -2.0
270   -2.0
270   0.8798783397118687
270   0.8798783397118696
270   1.1201216602881305
270   1.120121660288131
271   -2.0
271   -1.9999999999999998
271   0.851558583130186
271   0.8515585831301861
271   1.1484414168698138
271   1.1484414168698138
272   -2.0000000000000004
272   -2.0
272   0.8230287172102586
272   0.8230287172102589
272   1.1769712827897412
272   1.1769712827897414
273   -2.0
273   -1.9999999999999991
273   0.7942957812696023
273   0.7942957812696029
273   1.2057042187303961
273   1.2057042187303972
274   -2.0000000000000004
274   -1.9999999999999996
274   0.7653668647302214
274   0.7653668647302218
274   1.234633135269778
274   1.2346331352697784
275   -1.9999999999999998
275   -1.9999999999999996
275   0.7362491053693994
275   0.7362491053694007
275   1.2637508946305993
275   1.2637508946306
276   -2.0
276   -1.9999999999999991
276   0.7069496875585584
276   0.7069496875585595
276   1.293050312441441
276   1.2930503124414412
277   -2.0
277   -1.9999999999999998
277   0.6774758404906275
277   0.6774758404906278
277   1.3225241595093715
277   1.322524159509372
278   -2.0000000000000004
278   -2.0
278   0.6478348363963455
278   0.6478348363963464
278   1.3521651636036538
278   1.3521651636036538
279   -2.0
279   -2.0
279   0.6180339887499424
279   0.6180339887499429
279   1.3819660112500574
279   1.3819660112500576
280   -2.0
280   -2.0
280   0.5880806504646556
280   0.5880806504646561
280   1.411919349535344
280   1.411919349535344
281   -2.0
281   -2.0
281   0.557982212078507
281   0.5579822120785074
281   1.442017787921493
281   1.4420177879214933
282   -2.0000000000000004
282   -2.0
282   0.5277460999307966
282   0.527746099930797
282   1.4722539000692034
282   1.4722539000692039
283   -2.0
283   -2.0
283   0.4973797743297605
283   0.49737977432976105
283   1.5026202256702388
283   1.5026202256702397
284   -2.0
284   -2.0
284   0.466890727711862
284   0.466890727711862
284   1.5331092722881379
284   1.5331092722881379
285   -2.0000000000000004
285   -2.0
285   0.4362864827931365
285   0.43628648279313703
285   1.5637135172068632
285   1.5637135172068635
286   -2.0
286   -1.9999999999999996
286   0.40557459071307833
286   0.4055745907130788
286   1.5944254092869208
286   1.594425409286921
287   -2.0
287   -1.9999999999999993
287   0.3747626291715028
287   0.3747626291715037
287   1.6252373708284964
287   1.6252373708284966
288   -2.0000000000000004
288   -2.0
288   0.34385820055887306
288   0.34385820055887395
288   1.6561417994411263
288   1.6561417994411267
289   -1.9999999999999998
289   -1.9999999999999996
289   0.31286893008051786
289   0.3128689300805183
289   1.6871310699194815
289   1.6871310699194817
290   -1.9999999999999998
290   -1.9999999999999998
290   0.2818024638752221
290   0.28180246387522256
290   1.7181975361247774
290   1.7181975361247779
291   -2.000000000000001
291   -1.9999999999999998
291   0.25066646712866525
291   0.25066646712866547
291   1.7493335328713342
291   1.7493335328713355
292   -2.0
292   -2.0
292   0.21946862218214758
292   0.21946862218214824
292   1.780531377817852
292   1.7805313778178522
293   -2.0
293   -2.0
293   0.18821662663708794
293   0.18821662663708816
293   1.8117833733629118
293   1.8117833733629118
294   -2.0
294   -2.0
294   0.15691819145574953
294   0.1569181914557496
294   1.8430818085442504
294   1.8430818085442509
295   -1.9999999999999996
295   -1.9999999999999996
295   0.12558103905868637
295   0.12558103905868706
295   1.8744189609413129
295   1.8744189609413138
296   -2.0
296   -1.9999999999999996
296   0.09421290141934727
296   0.09421290141934743
296   1.9057870985806524
296   1.9057870985806526
297   -2.0
297   -2.0
297   0.06282151815631869
297   0.06282151815631905
297   1.9371784818436812
297   1.9371784818436812
298   -2.0
298   -2.0
298   0.031414634623703384
298   0.031414634623703676
298   1.9685853653762964
298   1.9685853653762966
299   -1.9999999999999998
299   -1.9999999999999996
299   6.259659303288363e-14
299   6.263656414483403e-14
299   1.9999999999999367
299   1.9999999999999374
300   -2.0
300   -1.9999999999999998
300   -0.03141463462357675
300   -0.031414634623576375
300   2.0314146346235757
300   2.031414634623577
301   -2.000000000000001
301   -1.9999999999999998
301   -0.06282151815619225
301   -0.06282151815619214
301   2.0628215181561913
301   2.062821518156193
302   -2.0
302   -1.9999999999999996
302   -0.09421290141922081
302   -0.09421290141922031
302   2.0942129014192203
302   2.0942129014192203
303   -2.0
303   -1.9999999999999993
303   -0.1255810390585619
303   -0.1255810390585615
303   2.1255810390585617
303   2.125581039058562
304   -2.0000000000000004
304   -2.0
304   -0.15691819145562286
304   -0.15691819145562252
304   2.156918191455623
304   2.156918191455623
305   -2.0000000000000004
305   -1.9999999999999998
305   -0.1882166266369617
305   -0.18821662663696148
305   2.1882166266369616
305   2.1882166266369616
306   -2.0
306   -1.9999999999999998
306   -0.21946862218202365
306   -0.21946862218202282
306   2.2194686221820232
306   2.2194686221820232
307   -2.0
307   -1.9999999999999998
307   -0.2506664671285403
307   -0.25066646712853996
307   2.2506664671285392
307   2.25066646712854
308   -2.0
308   -2.0
308   -0.28180246387509694
308   -0.28180246387509594
308   2.281802463875096
308   2.2818024638750964
309   -2.000000000000001
309   -2.0
309   -0.3128689300803931
309   -0.31286893008039257
309   2.3128689300803926
309   2.312868930080393
310   -2.0000000000000004
310   -1.9999999999999996
310   -0.3438582005587501
310   -0.34385820055875
310   2.34385820055875
310   2.3438582005587505
311   -2.0
311   -1.9999999999999998
311   -0.37476262917137865
311   -0.37476262917137854
311   2.3747626291713786
311   2.3747626291713786
312   -2.0000000000000004
312   -1.9999999999999996
312   -0.4055745907129548
312   -0.4055745907129545
312   2.4055745907129547
312   2.4055745907129547
313   -2.000000000000001
313   -1.9999999999999998
313   -0.43628648279301485
313   -0.4362864827930144
313   2.4362864827930144
313   2.4362864827930157
314   -2.0000000000000004
314   -1.9999999999999993
314   -0.46689072771174117
314   -0.46689072771174034
314   2.4668907277117404
314   2.466890727711742
315   -2.0000000000000004
315   -2.0000000000000004
315   -0.4973797743296379
315   -0.4973797743296372
315   2.4973797743296373
315   2.4973797743296373
316   -2.000000000000001
316   -2.0
316   -0.527746099930674
316   -0.5277460999306736
316   2.527746099930674
316   2.5277460999306745
317   -2.0
317   -1.9999999999999996
317   -0.5579822120783868
317   -0.5579822120783866
317   2.557982212078387
317   2.5579822120783873
318   -2.0000000000000004
318   -1.9999999999999998
318   -0.5880806504645348
318   -0.5880806504645344
318   2.588080650464535
318   2.588080650464535
319   -2.000000000000001
319   -1.9999999999999998
319   -0.6180339887498217
319   -0.6180339887498215
319   2.618033988749822
319   2.618033988749822
320   -2.0000000000000004
320   -2.0
320   -0.6478348363962265
320   -0.6478348363962261
320   2.647834836396226
320   2.647834836396226
321   -2.0
321   -1.9999999999999991
321   -0.6774758404905104
321   -0.6774758404905099
321   2.6774758404905095
321   2.6774758404905104
322   -2.0
322   -1.9999999999999998
322   -0.7069496875584407
322   -0.7069496875584402
322   2.70694968755844
322   2.7069496875584402
323   -2.0
323   -1.9999999999999996
323   -0.736249105369283
323   -0.7362491053692821
323   2.736249105369282
323   2.7362491053692826
324   -2.000000000000001
324   -1.9999999999999998
324   -0.7653668647301064
324   -0.765366864730106
324   2.7653668647301064
324   2.7653668647301064
325   -2.0000000000000004
325   -1.9999999999999998
325   -0.7942957812694869
325   -0.794295781269486
325   2.7942957812694864
325   2.794295781269487
326   -2.000000000000001
326   -2.0
326   -0.8230287172101437
326   -0.823028717210143
326   2.823028717210143
326   2.823028717210143
327   -2.000000000000001
327   -1.9999999999999998
327   -0.8515585831300717
327   -0.8515585831300716
327   2.851558583130071
327   2.8515585831300716
328   -2.0
328   -1.9999999999999987
328   -0.8798783397117568
328   -0.8798783397117561
328   2.879878339711756
328   2.879878339711757
329   -2.0
329   -1.9999999999999998
329   -0.9079809994790191
329   -0.9079809994790186
329   2.907980999479019
329   2.907980999479019
330   -1.9999999999999996
330   -1.9999999999999996
330   -0.9358596285210724
330   -0.9358596285210717
330   2.9358596285210723
330   2.9358596285210723
331   -2.0000000000000004
331   -1.9999999999999996
331   -0.9635073482033572
331   -0.9635073482033563
331   2.9635073482033563
331   2.9635073482033567
332   -2.0000000000000004
332   -1.9999999999999993
332   -0.9909173368647425
332   -0.9909173368647418
332   2.9909173368647415
332   2.990917336864743
333   -2.0
333   -1.9999999999999998
333   -1.0180828315006685
333   -1.018082831500668
333   3.0180828315006676
333   3.018082831500669
334   -2.000000000000001
334   -1.9999999999999998
334   -1.0449971294318257
334   -1.0449971294318234
334   3.044997129431824
334   3.0449971294318248
335   -2.0
335   -1.9999999999999996
335   -1.07165358995792
335   -1.0716535899579192
335   3.0716535899579203
335   3.071653589957921
336   -2.0
336   -1.9999999999999993
336   -1.0980456359961897
336   -1.0980456359961879
336   3.098045635996189
336   3.0980456359961894
337   -2.0
337   -1.9999999999999998
337   -1.124166755704188
337   -1.1241667557041874
337   3.124166755704188
337   3.124166755704189
338   -2.0
338   -2.0
338   -1.1500105040864845
338   -1.1500105040864832
338   3.1500105040864845
338   3.1500105040864845
339   -1.9999999999999998
339   -1.9999999999999996
339   -1.1755705045848743
339   -1.175570504584874
339   3.1755705045848743
339   3.1755705045848748
340   -2.0
340   -1.9999999999999996
340   -1.2008404506516959
340   -1.200840450651695
340   3.2008404506516954
340   3.200840450651696
341   -1.9999999999999998
341   -1.9999999999999996
341   -1.2258141073058817
341   -1.2258141073058813
341   3.2258141073058804
341   3.225814107305881
342   -1.9999999999999998
342   -1.9999999999999996
342   -1.250485312671339
342   -1.2504853126713387
342   3.250485312671339
342   3.250485312671339
343   -2.000000000000001
343   -1.9999999999999998
343   -1.2748479794973078
343   -1.274847979497307
343   3.274847979497307
343   3.274847979497307
344   -2.0
344   -1.9999999999999998
344   -1.2988960966602958
344   -1.298896096660294
344   3.298896096660294
344   3.298896096660296
345   -2.0
345   -1.9999999999999996
345   -1.322623730647234
345   -1.3226237306472335
345   3.322623730647233
345   3.3226237306472335
346   -2.0
346   -2.0
346   -1.3460250270194776
346   -1.3460250270194767
346   3.3460250270194773
346   3.346025027019479
347   -2.0000000000000004
347   -2.0
347   -1.369094211857308
347   -1.369094211857307
347   3.369094211857307
347   3.3690942118573073
348   -2.0
348   -1.999999999999999
348   -1.3918255931845596
348   -1.3918255931845591
348   3.3918255931845587
348   3.3918255931845596
349   -2.0
349   -1.9999999999999998
349   -1.4142135623730276
349   -1.4142135623730268
349   3.4142135623730274
349   3.4142135623730274
350   -2.000000000000001
350   -2.0
350   -1.436252595526311
350   -1.4362525955263106
350   3.4362525955263106
350   3.4362525955263115
351   -2.0
351   -1.9999999999999991
351   -1.4579372548427556
351   -1.4579372548427552
351   3.4579372548427543
351   3.457937254842755
352   -2.0000000000000004
352   -2.0
352   -1.479262189957153
352   -1.4792621899571519
352   3.479262189957153
352   3.4792621899571534
353   -2.0
353   -1.9999999999999996
353   -1.5002221392608543
353   -1.500222139260854
353   3.500222139260853
353   3.500222139260853
354   -2.0000000000000004
354   -1.9999999999999991
354   -1.5208119311999966
354   -1.5208119311999961
354   3.5208119311999964
354   3.5208119311999964
355   -2.000000000000001
355   -1.9999999999999996
355   -1.5410264855515143
355   -1.5410264855515134
355   3.541026485551514
355   3.541026485551514
356   -2.0
356   -1.9999999999999993
356   -1.560860814676596
356   -1.5608608146765959
356   3.5608608146765963
356   3.5608608146765963
357   -2.000000000000001
357   -1.9999999999999998
357   -1.5803100247513189
357   -1.5803100247513187
357   3.580310024751319
357   3.580310024751319
358   -2.0
358   -1.9999999999999991
358   -1.5993693169741192
358   -1.5993693169741183
358   3.5993693169741183
358   3.599369316974119
359   -2.0
359   -1.9999999999999991
359   -1.6180339887498345
359   -1.618033988749834
359   3.6180339887498345
359   3.6180339887498345
360   -1.9999999999999996
360   -1.9999999999999984
360   -1.6362994348499875
360   -1.6362994348499869
360   3.6362994348499873
360   3.6362994348499873
361   -2.0000000000000004
361   -2.0
361   -1.6541611485490648
361   -1.6541611485490644
361   3.654161148549063
361   3.6541611485490644
362   -2.000000000000001
362   -1.9999999999999993
362   -1.6716147227364822
362   -1.6716147227364822
362   3.671614722736482
362   3.6716147227364826
363   -2.0000000000000004
363   -1.9999999999999978
363   -1.688655851003974
363   -1.688655851003973
363   3.6886558510039724
363   3.6886558510039733
364   -2.000000000000001
364   -2.0000000000000004
364   -1.7052803287081304
364   -1.705280328708129
364   3.7052803287081284
364   3.7052803287081293
365   -2.0
365   -1.9999999999999998
365   -1.7214840540078329
365   -1.7214840540078322
365   3.72148405400783
365   3.721484054007832
366   -2.000000000000001
366   -2.0
366   -1.7372630288763289
366   -1.7372630288763284
366   3.737263028876329
366   3.7372630288763293
367   -1.9999999999999998
367   -1.9999999999999991
367   -1.7526133600876748
367   -1.7526133600876748
367   3.752613360087675
367   3.7526133600876754
368   -2.0000000000000004
368   -1.9999999999999996
368   -1.7675312601773356
368   -1.7675312601773348
368   3.7675312601773356
368   3.7675312601773374
369   -2.0
369   -1.9999999999999996
369   -1.7820130483766863
369   -1.7820130483766854
369   3.782013048376686
369   3.7820130483766863
370   -1.9999999999999998
370   -1.9999999999999993
370   -1.796055151521183
370   -1.7960551515211827
370   3.796055151521182
370   3.7960551515211822
371   -2.000000000000001
371   -2.0
371   -1.8096541049319927
371   -1.8096541049319919
371   3.809654104931992
371   3.809654104931992
372   -2.0
372   -2.0
372   -1.8228065532708435
372   -1.8228065532708433
372   3.8228065532708433
372   3.8228065532708446
373   -2.0000000000000004
373   -2.0
373   -1.8355092513679188
373   -1.8355092513679168
373   3.8355092513679168
373   3.8355092513679176
374   -2.0
374   -1.9999999999999996
374   -1.8477590650225313
374   -1.84775906502253
374   3.84775906502253
374   3.847759065022531
375   -2.0000000000000004
375   -2.0
375   -1.8595529717764618
375   -1.8595529717764616
375   3.859552971776461
375   3.859552971776461
376   -2.0000000000000004
376   -1.9999999999999996
376   -1.8708880616596937
376   -1.8708880616596921
376   3.870888061659693
376   3.870888061659694
377   -2.000000000000001
377   -1.999999999999998
377   -1.881761537908412
377   -1.8817615379084118
377   3.8817615379084094
377   3.881761537908412
378   -1.9999999999999998
378   -1.9999999999999996
378   -1.8921707176550535
378   -1.8921707176550533
378   3.892170717655053
378   3.892170717655053
379   -2.0000000000000004
379   -2.0000000000000004
379   -1.902113032590271
379   -1.9021130325902706
379   3.902113032590271
379   3.902113032590271
380   -2.0
380   -2.0
380   -1.9115860295966265
380   -1.9115860295966252
380   3.9115860295966245
380   3.9115860295966254
381   -2.000000000000001
381   -2.0000000000000004
381   -1.9205873713538537
381   -1.9205873713538528
381   3.920587371353853
381   3.9205873713538537
382   -1.9999999999999998
382   -1.9999999999999996
382   -1.9291148369155655
382   -1.929114836915565
382   3.929114836915565
382   3.9291148369155655
383   -2.0
383   -1.9999999999999998
383   -1.9371663222572324
383   -1.937166322257231
383   3.937166322257233
383   3.937166322257233
384   -2.0
384   -1.9999999999999991
384   -1.944739840795325
384   -1.944739840795323
384   3.9447398407953234
384   3.9447398407953247
385   -2.0
385   -1.9999999999999987
385   -1.9518335238774691
385   -1.9518335238774684
385   3.9518335238774682
385   3.9518335238774682
386   -2.0
386   -1.9999999999999996
386   -1.9584456212435064
386   -1.9584456212435057
386   3.958445621243507
386   3.958445621243507
387   -2.0000000000000004
387   -2.0
387   -1.9645745014573555
387   -1.9645745014573546
387   3.9645745014573532
387   3.9645745014573546
388   -1.9999999999999996
388   -1.999999999999999
388   -1.9702186523095264
388   -1.970218652309526
388   3.9702186523095264
388   3.970218652309528
389   -2.0
389   -1.9999999999999993
389   -1.9753766811902553
389   -1.9753766811902551
389   3.975376681190255
389   3.975376681190256
390   -2.0
390   -1.9999999999999993
390   -1.980047315433098
390   -1.9800473154330964
390   3.9800473154330973
390   3.9800473154330978
391   -2.0000000000000018
391   -1.9999999999999998
391   -1.9842294026289409
391   -1.984229402628939
391   3.98422940262894
391   3.98422940262894
392   -2.000000000000001
392   -1.9999999999999996
392   -1.9879219109103454
392   -1.9879219109103445
392   3.9879219109103454
392   3.9879219109103454
393   -2.0000000000000004
393   -2.0000000000000004
393   -1.9911239292061482
393   -1.9911239292061476
393   3.991123929206149
393   3.99112392920615
394   -2.0000000000000004
394   -1.9999999999999998
394   -1.9938346674662453
394   -1.9938346674662448
394   3.9938346674662455
394   3.993834667466246
395   -2.0
395   -1.9999999999999996
395   -1.9960534568565356
395   -1.9960534568565347
395   3.9960534568565347
395   3.9960534568565356
396   -2.0000000000000004
396   -1.9999999999999993
396   -1.997779749923935
396   -1.997779749923934
396   3.9977797499239336
396   3.9977797499239345
397   -2.0
397   -1.9999999999999991
397   -1.9990131207314596
397   -1.9990131207314592
397   3.9990131207314574
397   3.999013120731459
398   -2.0
398   -2.0
398   -1.9997532649633198
398   -1.9997532649633194
398   3.9997532649633176
398   3.9997532649633194
399   -2.000000000000001
399   -2.0000000000000004
399   -2.0
399   -1.9999999999999996
399   3.999999999999999
399   4.0
