-3.5     0.019683658033688572
-3.482456140350877     0.020096660736088026
-3.4649122807017543     0.020523640706538313
-3.4473684210526314     0.02096525422753761
-3.4298245614035086     0.02142219710194043
-3.412280701754386     0.021895207564764048
-3.3947368421052633     0.02238506944947441
-3.3771929824561404     0.022892615634375058
-3.3596491228070176     0.02341873179826612
-3.3421052631578947     0.023964360517002323
-3.324561403508772     0.02453050573723135
-3.307017543859649     0.025118237667781974
-3.2894736842105265     0.025728698133326285
-3.2719298245614037     0.02636310644166859
-3.254385964912281     0.027022765821731024
-3.236842105263158     0.027709070496259824
-3.219298245614035     0.028423513462648722
-3.2017543859649122     0.029167695063643712
-3.1842105263157894     0.029943332441382507
-3.1666666666666665     0.030752269980467387
-3.1491228070175437     0.031596490860340845
-3.1315789473684212     0.032478129854071745
-3.1140350877192984     0.033399487529425
-3.0964912280701755     0.03436304603171218
-3.0789473684210527     0.03537148665243141
-3.06140350877193     0.03642770941935819
-3.043859649122807     0.037534854978607715
-3.026315789473684     0.03869632908055252
-3.0087719298245617     0.039915830030495605
-2.9912280701754383     0.041197379521923684
-2.973684210526316     0.042545357338002375
-2.956140350877193     0.04396454048664593
-2.93859649122807     0.04546014742847516
-2.9210526315789473     0.04703788817188903
-2.9035087719298245     0.048704021140405215
-2.885964912280702     0.0504654178824486
-2.8684210526315788     0.05232963688306602
-2.8508771929824563     0.054305007973619535
-2.8333333333333335     0.05640072911426036
-2.8157894736842106     0.05862697766804286
-2.7982456140350878     0.0609950387017324
-2.780701754385965     0.06351745335702304
-2.763157894736842     0.06620819096433413
-2.745614035087719     0.06908284934180997
-2.7280701754385968     0.07215888868095179
-2.7105263157894735     0.07545590561174897
-2.692982456140351     0.0789959555313429
-2.675438596491228     0.08280393315670087
-2.6578947368421053     0.08690802363001364
-2.6403508771929824     0.09134023952218599
-2.6228070175438596     0.09613706293136104
-2.605263157894737     0.10134021683134838
-2.587719298245614     0.10699759624441903
-2.5701754385964914     0.11316439818004273
-2.5526315789473686     0.11990450026717418
-2.5350877192982457     0.1272921525366951
-2.517543859649123     0.13541406618288512
-2.5     0.14437200917395177
-2.482456140350877     0.15428605389524436
-2.4649122807017543     0.16529867035393125
-2.447368421052632     0.17757992530553718
-2.4298245614035086     0.1913341410326549
-2.412280701754386     0.20680849939757345
-2.3947368421052633     0.22430426535852308
-2.3771929824561404     0.24419157710275266
-2.3596491228070176     0.26692915052255134
-2.3421052631578947     0.29309084206473857
-2.3245614035087723     0.3234019154648421
-2.307017543859649     0.3587892433174197
-2.2894736842105265     0.4004518414234917
-2.2719298245614037     0.44996158740537145
-2.254385964912281     0.5094095898698775
-2.236842105263158     0.5816229969579335
-2.219298245614035     0.6704928550853678
-2.2017543859649122     0.78148108743924
-2.1842105263157894     0.9224233605566424
-2.166666666666667     1.104832619593317
-2.1491228070175437     1.3460689444165173
-2.1315789473684212     1.6730332391674787
-2.1140350877192984     2.1285419992197583
-2.0964912280701755     2.782214305692726
-2.0789473684210527     3.7475815432690536
-2.06140350877193     5.200126444223337
-2.0438596491228074     7.349116332740138
-2.026315789473684     10.165858769089763
-2.0087719298245617     12.602790468490406
-1.9912280701754388     12.664589525308154
-1.973684210526316     10.338434072764752
-1.956140350877193     7.606073486988068
-1.9385964912280702     5.517514780298142
-1.9210526315789473     4.108382732703468
-1.9035087719298247     3.175087945712194
-1.8859649122807018     2.5459137903384197
-1.868421052631579     2.1097206504950945
-1.8508771929824563     1.7984215057180453
-1.8333333333333335     1.5702071461471019
-1.8157894736842106     1.398850808632655
-1.7982456140350878     1.26746448466732
-1.780701754385965     1.1648830423912175
-1.7631578947368423     1.0834864513568123
-1.7456140350877194     1.0180357782734437
-1.7280701754385965     0.9647392121770576
-1.710526315789474     0.9209000541816862
-1.692982456140351     0.8845136248448635
-1.6754385964912282     0.854040179034485
-1.6578947368421053     0.8283996991551884
-1.6403508771929824     0.8066192215118119
-1.6228070175438598     0.7881082294979276
-1.605263157894737     0.7722396405984298
-1.587719298245614     0.7586090271614315
-1.5701754385964914     0.7469406578881518
-1.5526315789473686     0.7367197069347265
-1.5350877192982457     0.7281489437106602
-1.5175438596491229     0.7203916312564034
-1.5     0.7140881884718187
-1.4824561403508771     0.7082975234772281
-1.4649122807017543     0.7035028951460516
-1.4473684210526319     0.6994802074892488
-1.429824561403509     0.6956508452830211
-1.4122807017543861     0.6930253421906054
-1.3947368421052633     0.6902254444030967
-1.3771929824561404     0.6881997798859792
-1.3596491228070176     0.686781707850636
-1.3421052631578947     0.6849714845052205
-1.3245614035087723     0.6844075090749671
-1.3070175438596494     0.6835850901850911
-1.2894736842105265     0.6827936275289411
-1.2719298245614037     0.6832222176356872
-1.2543859649122808     0.6827839130674666
-1.236842105263158     0.6829593971022444
-1.219298245614035     0.6840221533811083
-1.2017543859649122     0.683935049816294
-1.1842105263157894     0.6849314457818241
-1.166666666666667     0.686449532194277
-1.149122807017544     0.6866989302281801
-1.1315789473684212     0.688349470763414
-1.1140350877192984     0.6902807109174659
-1.0964912280701755     0.6908258453969388
-1.0789473684210527     0.6929814885657822
-1.0614035087719298     0.6953566993195239
-1.0438596491228074     0.6961624213505412
-1.0263157894736845     0.6986690890112074
-1.0087719298245617     0.7015606081362216
-0.9912280701754388     0.7026406325849197
-0.9736842105263159     0.7053000272236885
-0.9561403508771931     0.7088120406774425
-0.9385964912280702     0.7102369835380126
-0.9210526315789473     0.7128445342412078
-0.9035087719298245     0.7170199501058576
-0.8859649122807021     0.7189671312150645
-0.8684210526315792     0.7213717936611597
-0.8508771929824563     0.7260638699042722
-0.8333333333333335     0.728880366190523
-0.8157894736842106     0.7310078900684374
-0.7982456140350878     0.7359036008124316
-0.7807017543859649     0.7399367949363643
-0.7631578947368425     0.7419748946930349
-0.7456140350877196     0.7466288512584415
-0.7280701754385968     0.751980641582515
-0.7105263157894739     0.754536553497062
-0.692982456140351     0.7584877800783049
-0.6754385964912282     0.764891769455546
-0.6578947368421053     0.7687656232009982
-0.6403508771929824     0.7719963888716116
-0.6228070175438596     0.7786824104053733
-0.6052631578947372     0.7845154683203911
-0.5877192982456143     0.7877429749218916
-0.5701754385964914     0.7937426631723737
-0.5526315789473686     0.8015431500998342
-0.5350877192982457     0.8060465068385644
-0.5175438596491229     0.8109930379573291
-0.5     0.8197776492335195
-0.4824561403508776     0.8268492034144083
-0.4649122807017547     0.8315267733446813
-0.44736842105263186     0.8398681357821501
-0.429824561403509     0.8498491167131309
-0.41228070175438614     0.8561104767680023
-0.3947368421052633     0.8633719906113222
-0.3771929824561404     0.8751177158360015
-0.35964912280701755     0.8849575583083721
-0.3421052631578947     0.8922444908175876
-0.3245614035087723     0.9040030356429535
-0.3070175438596494     0.9180916910327962
-0.28947368421052655     0.92815618401662
-0.2719298245614037     0.939423717526257
-0.2543859649122808     0.9565544449490128
-0.23684210526315796     0.9724041150205656
-0.2192982456140351     0.985319165587919
-0.20175438596491269     1.0039487454131804
-0.18421052631578982     1.0270561563904659
-0.16666666666666696     1.046316185560019
-0.1491228070175441     1.0673380575559945
-0.13157894736842124     1.0976096930201058
-0.11403508771929838     1.1289468771643167
-0.09649122807017552     1.1575899622009187
-0.07894736842105265     1.1956189693437373
-0.06140350877192979     1.2425931190546549
-0.043859649122807376     1.282962320287817
-0.026315789473684514     1.3184472647606973
-0.008771929824561653     1.3474116728577994
0.008771929824561209     1.3371494879918513
0.02631578947368407     1.2876397910776904
0.04385964912280693     1.2319808803218337
0.06140350877192979     1.1727386947894303
0.07894736842105221     1.1081870094221522
0.09649122807017507     1.052795268757558
0.11403508771929793     1.0072355440881955
0.1315789473684208     0.9604529229027585
0.14912280701754366     0.9153742973514463
0.16666666666666652     0.8791445608487449
0.18421052631578938     0.8454329372664959
0.20175438596491224     0.8092363691936898
0.2192982456140351     0.777244237826374
0.23684210526315752     0.7505840959798624
0.2543859649122804     0.7223128535029935
0.27192982456140324     0.6934894346815991
0.2894736842105261     0.6695578301618422
0.30701754385964897     0.6471793794540688
0.32456140350877183     0.6222541077370571
0.3421052631578947     0.5993487595395824
0.3596491228070171     0.5799710533054393
0.37719298245613997     0.5593803679414816
0.39473684210526283     0.5376642899796161
0.4122807017543857     0.5192971633705592
0.42982456140350855     0.5018857552757527
0.4473684210526314     0.48252447224475453
0.4649122807017543     0.4642580510350558
0.48245614035087714     0.44857586760204593
0.5     0.43183281890349184
0.5175438596491224     0.41413549950612366
0.5350877192982457     0.39900399742866133
0.5526315789473681     0.3841980012495466
0.5701754385964914     0.3680103189455176
0.5877192982456139     0.3528186431420712
0.6052631578947363     0.33917782557926013
0.6228070175438596     0.32476629777683
0.640350877192982     0.3097286315784478
0.6578947368421053     0.29666287854859474
0.6754385964912277     0.2836580223467838
0.692982456140351     0.26934915129605375
0.7105263157894735     0.25657298968398823
0.7280701754385959     0.24446078662996212
0.7456140350877192     0.2312699609581813
0.7631578947368416     0.21884150642638028
0.7807017543859649     0.20728505579619014
0.7982456140350873     0.19529626412393508
0.8157894736842106     0.18351014257368484
0.833333333333333     0.1724600394771402
0.8508771929824555     0.16167969658739242
0.8684210526315788     0.15094030592110133
0.8859649122807012     0.140757310589752
0.9035087719298245     0.13143043781875816
0.9210526315789469     0.12247130354142141
0.9385964912280702     0.11426097231555314
0.9561403508771926     0.10762421971814211
0.9736842105263159     0.10260223864672229
0.9912280701754383     0.09957829540330247
1.0087719298245608     0.09953695186123336
1.026315789473684     0.10247819106602031
1.0438596491228065     0.10741741721820655
1.0614035087719298     0.11397133003722731
1.0789473684210522     0.12209870256037937
1.0964912280701755     0.13097472502286242
1.114035087719298     0.14021829852195758
1.1315789473684212     0.15031777258659362
1.1491228070175437     0.1609733852240857
1.166666666666666     0.1716696582907646
1.1842105263157894     0.18263536443535786
1.2017543859649118     0.1943367262306021
1.219298245614035     0.20624035929258136
1.2368421052631575     0.21771121598756094
1.2543859649122808     0.23005360433367172
1.2719298245614032     0.2431578541464187
1.2894736842105257     0.25518293370611345
1.307017543859649     0.26787138564492885
1.3245614035087714     0.2820919216755687
1.3421052631578947     0.29500777767088926
1.359649122807017     0.30798382475189373
1.3771929824561404     0.32293103793803785
1.3947368421052628     0.3372513235298624
1.4122807017543852     0.3508000666834874
1.4298245614035086     0.36589879195930775
1.447368421052631     0.3819926027244395
1.4649122807017543     0.3967037604307281
1.4824561403508767     0.41173941008863285
1.5     0.42933981495653367
1.5175438596491224     0.4459848376355648
1.5350877192982457     0.4615678328985757
1.5526315789473681     0.47973385177537725
1.5701754385964906     0.4989934648744231
1.5877192982456139     0.5163018805008761
1.6052631578947363     0.5345646355908815
1.6228070175438596     0.5561749048048977
1.640350877192982     0.5766582842648199
1.6578947368421053     0.5959271256731932
1.6754385964912277     0.6187219864222887
1.692982456140351     0.6435350823295395
1.7105263157894735     0.665799600990655
1.7280701754385959     0.6896154470981638
1.7456140350877192     0.7183212086481179
1.7631578947368416     0.7464728200097477
1.780701754385965     0.7730112792979822
1.7982456140350873     0.8048795963091826
1.8157894736842106     0.8409501349815098
1.833333333333333     0.8745334278220557
1.8508771929824555     0.9106324427425663
1.8684210526315788     0.9555778630010732
1.8859649122807012     1.0022246987619143
1.9035087719298245     1.0476459577147357
1.921052631578947     1.1028964482810455
1.9385964912280702     1.1673039909303262
1.9561403508771926     1.2263990285203645
1.973684210526315     1.2819076689033684
1.9912280701754383     1.331263850957104
2.0087719298245608     1.3413691493020932
2.026315789473684     1.3122443504535184
2.0438596491228065     1.2765953727316612
2.06140350877193     1.236058351472969
2.078947368421052     1.1889124443328223
2.0964912280701755     1.150707585017858
2.114035087719298     1.1218843886383174
2.1315789473684204     1.090362662054315
2.1491228070175437     1.0599018731940604
2.166666666666666     1.0386860485909297
2.1842105263157894     1.019227070460106
2.201754385964912     0.9959155076080465
2.219298245614035     0.977076356450057
2.2368421052631575     0.9639460879671243
2.254385964912281     0.9478753150378673
2.2719298245614032     0.930517349534159
2.2894736842105257     0.9190161797771434
2.307017543859649     0.9087113759750187
2.3245614035087714     0.8943754444800512
2.3421052631578947     0.8823623523176782
2.359649122807017     0.8748132790793473
2.3771929824561404     0.8647033630518972
2.394736842105263     0.8526792735940968
2.4122807017543852     0.845130727344817
2.4298245614035086     0.8385732682421658
2.447368421052631     0.8282867007523343
2.4649122807017543     0.8196298194270375
2.4824561403508767     0.8146263278418922
2.5     0.8072179513759767
2.5175438596491224     0.7980850899335749
2.535087719298245     0.792778322010408
2.552631578947368     0.7879021492596482
2.5701754385964906     0.779715638231038
2.587719298245614     0.7733160498757904
2.6052631578947363     0.7696740572633188
2.6228070175438596     0.7634111723064388
2.640350877192982     0.7562791788488498
2.6578947368421053     0.7525854399489788
2.6754385964912277     0.7482306984797449
2.69298245614035     0.7413269323392143
2.7105263157894735     0.7368559990246039
2.728070175438596     0.733759337574824
2.745614035087719     0.727844564124051
2.7631578947368416     0.7226041154325734
2.780701754385965     0.7199546471923942
2.7982456140350873     0.7152837408337517
2.8157894736842106     0.7097223977506097
2.833333333333333     0.7068996262507458
2.8508771929824555     0.7033564421319337
2.8684210526315788     0.6979042710560205
2.885964912280701     0.6947039846775013
2.9035087719298245     0.6919233581642867
2.921052631578947     0.6868741961121769
2.93859649122807     0.6833499135854038
2.9561403508771926     0.6809623420799011
2.973684210526315     0.6764386423532882
2.9912280701754383     0.6727150672543936
3.0087719298245608     0.6705146264754228
3.026315789473684     0.6664423752584334
3.0438596491228065     0.6626902042990774
3.06140350877193     0.6605693345244917
3.078947368421052     0.6568039926745638
3.0964912280701746     0.653177376072547
3.114035087719298     0.6510739848201678
3.1315789473684204     0.6474901107960306
3.1491228070175437     0.6440847318474365
3.166666666666666     0.6419696368239156
3.1842105263157894     0.6384654073468129
3.201754385964912     0.6353517779369151
3.219298245614035     0.6331787138150976
3.2368421052631575     0.6296996464519574
3.25438596491228     0.6269369404600609
3.2719298245614032     0.6246005608213409
3.2894736842105257     0.6211912244289023
3.307017543859649     0.6187749190403232
3.3245614035087714     0.6161388606595727
3.3421052631578947     0.6129667978191183
3.359649122807017     0.610732885759154
3.3771929824561404     0.6077638824172211
3.394736842105263     0.6050196338267184
3.4122807017543852     0.6026209241048629
3.4298245614035086     0.5995662118698779
3.447368421052631     0.5971724402128179
3.4649122807017543     0.5943577210779164
3.4824561403508767     0.5916172372754499
3.5     0.5890770443405285
